<?xml version="1.0" encoding="UTF-8"?>
<!-- Generated by org.testng.reporters.JUnitReportReporter -->
<testsuite hostname="DESKTOP-RGFUJQH" failures="0" tests="1" name="testSuite1.Module2" time="0.008" errors="0" timestamp="2023-11-28T21:01:45 PST" skipped="0">
  <testcase classname="testSuite1.Module2" name="test002" time="0.008"/>
  <system-out>
    <![CDATA[I am executing test case 002 in module 2]]>
  </system-out>
</testsuite> <!-- testSuite1.Module2 -->
