<?xml version="1.0" encoding="UTF-8"?>
<!-- Generated by org.testng.reporters.JUnitReportReporter -->
<testsuite hostname="DESKTOP-RGFUJQH" failures="0" tests="1" name="testSuite1.Module1" time="0.006" errors="0" timestamp="2023-11-27T22:52:01 PST" skipped="0">
  <testcase classname="testSuite1.Module1" name="test001" time="0.006"/>
  <system-out/>
</testsuite> <!-- testSuite1.Module1 -->
